#
# A fatal error has been detected by the Java Runtime Environment:
#
#  EXCEPTION_ACCESS_VIOLATION (0xc0000005) at pc=0x672e7edf, pid=11228, tid=3536
#
# JRE version: Java(TM) SE Runtime Environment (8.0_05-b13) (build 1.8.0_05-b13)
# Java VM: Java HotSpot(TM) Client VM (25.5-b02 mixed mode windows-x86 )
# Problematic frame:
# C  [awt.dll+0xa7edf]
#
# Failed to write core dump. Minidumps are not enabled by default on client versions of Windows
#
# If you would like to submit a bug report, please visit:
#   http://bugreport.sun.com/bugreport/crash.jsp
# The crash happened outside the Java Virtual Machine in native code.
# See problematic frame for where to report the bug.
#

---------------  T H R E A D  ---------------

Current thread (0x054f3000):  JavaThread "AWT-EventQueue-0" [_thread_in_native, id=3536, stack(0x07b10000,0x07b60000)]

siginfo: ExceptionCode=0xc0000005, reading address 0x00000004

Registers:
EAX=0x0000000d, EBX=0x07becf20, ECX=0x00000000, EDX=0x00000000
ESP=0x07b5e3a8, EBP=0x77666cfe, ESI=0x07c33820, EDI=0x170125be
EIP=0x672e7edf, EFLAGS=0x00010297

Top of Stack: (sp=0x07b5e3a8)
0x07b5e3a8:   6726e7af 170125be 07becf20 054f3130
0x07b5e3b8:   07b5e478 07b5e978 6729b004 054f3130
0x07b5e3c8:   07becf20 07b5e978 6729b01b 00000001
0x07b5e3d8:   00000000 00000000 6726bae5 054f3130
0x07b5e3e8:   07b5e978 054f3000 0620dcb0 0620dcb0
0x07b5e3f8:   00000008 67406bf1 00000000 07c551c0
0x07b5e408:   07b5e974 054f3130 04df0610 054f3000
0x07b5e418:   07b5e54c 674070dc 07b5e698 04df0c58 

Instructions: (pc=0x672e7edf)
0x672e7ebf:   00 00 c3 8b 41 04 8b 80 0c 0c 00 00 c3 8b 01 83
0x672e7ecf:   78 04 08 7e 03 33 c0 c3 8b 49 04 e9 f7 f2 fe ff
0x672e7edf:   8b 49 04 85 c9 74 05 e9 05 f1 fe ff 33 c0 c2 04
0x672e7eef:   00 8b 49 04 85 c9 74 05 e9 1a f1 fe ff c2 04 00 


Register to memory mapping:

EAX=0x0000000d is an unknown value
EBX=0x07becf20 is an unknown value
ECX=0x00000000 is an unknown value
EDX=0x00000000 is an unknown value
ESP=0x07b5e3a8 is pointing into the stack for thread: 0x054f3000
EBP=0x77666cfe is an unknown value
ESI=0x07c33820 is an unknown value
EDI=0x170125be is an unallocated location in the heap


Stack: [0x07b10000,0x07b60000],  sp=0x07b5e3a8,  free space=312k
Native frames: (J=compiled Java code, j=interpreted, Vv=VM code, C=native code)
C  [awt.dll+0xa7edf]

Java frames: (J=compiled Java code, j=interpreted, Vv=VM code)
j  sun.java2d.windows.GDIBlitLoops.nativeBlit(Lsun/java2d/SurfaceData;Lsun/java2d/SurfaceData;Lsun/java2d/pipe/Region;IIIIIIIIIZ)V+0
j  sun.java2d.windows.GDIBlitLoops.Blit(Lsun/java2d/SurfaceData;Lsun/java2d/SurfaceData;Ljava/awt/Composite;Lsun/java2d/pipe/Region;IIIIII)V+33
j  sun.java2d.pipe.DrawImage.blitSurfaceData(Lsun/java2d/SunGraphics2D;Lsun/java2d/pipe/Region;Lsun/java2d/SurfaceData;Lsun/java2d/SurfaceData;Lsun/java2d/loops/SurfaceType;Lsun/java2d/loops/SurfaceType;IIIIIILjava/awt/Color;)V+97
j  sun.java2d.pipe.DrawImage.renderImageCopy(Lsun/java2d/SunGraphics2D;Ljava/awt/Image;Ljava/awt/Color;IIIIII)Z+75
j  sun.java2d.pipe.DrawImage.copyImage(Lsun/java2d/SunGraphics2D;Ljava/awt/Image;IILjava/awt/Color;)Z+45
j  sun.java2d.pipe.DrawImage.copyImage(Lsun/java2d/SunGraphics2D;Ljava/awt/Image;IILjava/awt/Color;Ljava/awt/image/ImageObserver;)Z+15
j  sun.java2d.SunGraphics2D.drawImage(Ljava/awt/Image;IILjava/awt/Color;Ljava/awt/image/ImageObserver;)Z+65
j  sun.java2d.SunGraphics2D.drawImage(Ljava/awt/Image;IILjava/awt/image/ImageObserver;)Z+7
j  javax.swing.RepaintManager$PaintManager.paintDoubleBuffered(Ljavax/swing/JComponent;Ljava/awt/Image;Ljava/awt/Graphics;IIII)V+242
j  javax.swing.RepaintManager$PaintManager.paint(Ljavax/swing/JComponent;Ljavax/swing/JComponent;Ljava/awt/Graphics;IIII)Z+116
j  javax.swing.RepaintManager.paint(Ljavax/swing/JComponent;Ljavax/swing/JComponent;Ljava/awt/Graphics;IIII)V+51
j  javax.swing.JComponent.paint(Ljava/awt/Graphics;)V+221
j  java.awt.GraphicsCallback$PaintCallback.run(Ljava/awt/Component;Ljava/awt/Graphics;)V+2
j  sun.awt.SunGraphicsCallback.runOneComponent(Ljava/awt/Component;Ljava/awt/Rectangle;Ljava/awt/Graphics;Ljava/awt/Shape;I)V+155
j  sun.awt.SunGraphicsCallback.runComponents([Ljava/awt/Component;Ljava/awt/Graphics;I)V+194
j  java.awt.Container.paint(Ljava/awt/Graphics;)V+58
j  java.awt.Window.paint(Ljava/awt/Graphics;)V+68
j  javax.swing.RepaintManager$3.run()Ljava/lang/Void;+142
j  javax.swing.RepaintManager$3.run()Ljava/lang/Object;+1
v  ~StubRoutines::call_stub
J 340  java.security.AccessController.doPrivileged(Ljava/security/PrivilegedAction;Ljava/security/AccessControlContext;)Ljava/lang/Object; (0 bytes) @ 0x02df7807 [0x02df77a0+0x67]
J 416 C1 java.security.ProtectionDomain$1.doIntersectionPrivilege(Ljava/security/PrivilegedAction;Ljava/security/AccessControlContext;Ljava/security/AccessControlContext;)Ljava/lang/Object; (32 bytes) @ 0x02e0b114 [0x02e0b070+0xa4]
j  javax.swing.RepaintManager.paintDirtyRegions(Ljava/util/Map;)V+154
j  javax.swing.RepaintManager.paintDirtyRegions()V+46
j  javax.swing.RepaintManager.prePaintDirtyRegions()V+73
j  javax.swing.RepaintManager.access$1100(Ljavax/swing/RepaintManager;)V+1
j  javax.swing.RepaintManager$ProcessingRunnable.run()V+37
j  java.awt.event.InvocationEvent.dispatch()V+47
J 438 C1 java.awt.EventQueue.dispatchEventImpl(Ljava/awt/AWTEvent;Ljava/lang/Object;)V (149 bytes) @ 0x02e112b8 [0x02e10e70+0x448]
J 435 C1 java.awt.EventQueue$3.run()Ljava/lang/Void; (60 bytes) @ 0x02e1061c [0x02e105c0+0x5c]
J 434 C1 java.awt.EventQueue$3.run()Ljava/lang/Object; (5 bytes) @ 0x02e103a0 [0x02e10380+0x20]
v  ~StubRoutines::call_stub
J 340  java.security.AccessController.doPrivileged(Ljava/security/PrivilegedAction;Ljava/security/AccessControlContext;)Ljava/lang/Object; (0 bytes) @ 0x02df7807 [0x02df77a0+0x67]
J 430 C1 java.awt.EventQueue.dispatchEvent(Ljava/awt/AWTEvent;)V (80 bytes) @ 0x02e0f234 [0x02e0f080+0x1b4]
J 322 C1 java.awt.EventDispatchThread.pumpOneEventForFilters(I)V (295 bytes) @ 0x02df3218 [0x02df2b80+0x698]
j  java.awt.EventDispatchThread.pumpEventsForFilter(ILjava/awt/Conditional;Ljava/awt/EventFilter;)V+35
j  java.awt.EventDispatchThread.pumpEventsForHierarchy(ILjava/awt/Conditional;Ljava/awt/Component;)V+11
j  java.awt.EventDispatchThread.pumpEvents(ILjava/awt/Conditional;)V+4
j  java.awt.EventDispatchThread.pumpEvents(Ljava/awt/Conditional;)V+3
j  java.awt.EventDispatchThread.run()V+9
v  ~StubRoutines::call_stub

---------------  P R O C E S S  ---------------

Java Threads: ( => current thread )
  0x07c33c00 JavaThread "TimerQueue" daemon [_thread_blocked, id=10828, stack(0x08e00000,0x08e50000)]
  0x07be5800 JavaThread "D3D Screen Updater" daemon [_thread_blocked, id=9752, stack(0x08630000,0x08680000)]
  0x029fc000 JavaThread "DestroyJavaVM" [_thread_blocked, id=7312, stack(0x02970000,0x029c0000)]
=>0x054f3000 JavaThread "AWT-EventQueue-0" [_thread_in_native, id=3536, stack(0x07b10000,0x07b60000)]
  0x0547a800 JavaThread "AWT-Windows" daemon [_thread_in_native, id=4960, stack(0x059e0000,0x05a30000)]
  0x05479400 JavaThread "AWT-Shutdown" [_thread_blocked, id=11144, stack(0x05950000,0x059a0000)]
  0x05478c00 JavaThread "Java2D Disposer" daemon [_thread_blocked, id=6132, stack(0x058c0000,0x05910000)]
  0x0534a000 JavaThread "Service Thread" daemon [_thread_blocked, id=8852, stack(0x057a0000,0x057f0000)]
  0x05343400 JavaThread "C1 CompilerThread0" daemon [_thread_blocked, id=10812, stack(0x05710000,0x05760000)]
  0x05350000 JavaThread "Attach Listener" daemon [_thread_blocked, id=10548, stack(0x05680000,0x056d0000)]
  0x0534e000 JavaThread "Signal Dispatcher" daemon [_thread_blocked, id=5912, stack(0x055f0000,0x05640000)]
  0x02ceec00 JavaThread "Finalizer" daemon [_thread_blocked, id=8536, stack(0x05560000,0x055b0000)]
  0x02cec400 JavaThread "Reference Handler" daemon [_thread_blocked, id=2812, stack(0x052d0000,0x05320000)]

Other Threads:
  0x02ce9800 VMThread [stack: 0x05240000,0x05290000] [id=9824]
  0x05371c00 WatcherThread [stack: 0x05830000,0x05880000] [id=1224]

VM state:not at safepoint (normal execution)

VM Mutex/Monitor currently owned by a thread: None

Heap:
 def new generation   total 4928K, used 3421K [0x0f200000, 0x0f750000, 0x14750000)
  eden space 4416K,  68% used [0x0f200000, 0x0f4f9438, 0x0f650000)
  from space 512K,  73% used [0x0f650000, 0x0f6ae270, 0x0f6d0000)
  to   space 512K,   0% used [0x0f6d0000, 0x0f6d0000, 0x0f750000)
 tenured generation   total 10944K, used 1586K [0x14750000, 0x15200000, 0x1f200000)
   the space 10944K,  14% used [0x14750000, 0x148dcb10, 0x148dcc00, 0x15200000)
 Metaspace       used 7638K, capacity 7727K, committed 7808K, reserved 8576K

Card table byte_map: [0x04cf0000,0x04d80000] byte_map_base: 0x04c77000

Polling page: 0x009f0000

CodeCache: size=32768Kb used=1424Kb max_used=1424Kb free=31343Kb
 bounds [0x02cf0000, 0x02e58000, 0x04cf0000]
 total_blobs=874 nmethods=633 adapters=172
 compilation: enabled

Compilation events (10 events):
Event: 3037.394 Thread 0x05343400  630             java.util.HashMap$HashIterator::<init> (79 bytes)
Event: 3037.395 Thread 0x05343400 nmethod 630 0x02e50cc8 code [0x02e50dc0, 0x02e50ef0]
Event: 3037.923 Thread 0x05343400  631             java.lang.StringBuilder::toString (17 bytes)
Event: 3037.923 Thread 0x05343400 nmethod 631 0x02e50fc8 code [0x02e510d0, 0x02e511bc]
Event: 7091.356 Thread 0x05343400  632             java.util.ComparableTimSort::mergeLo (656 bytes)
Event: 7091.358 Thread 0x05343400 nmethod 632 0x02e51248 code [0x02e51480, 0x02e527c0]
Event: 7091.358 Thread 0x05343400  633             java.beans.PropertyChangeSupport::firePropertyChange (35 bytes)
Event: 7091.358 Thread 0x05343400 nmethod 633 0x02e53408 code [0x02e53530, 0x02e53724]
Event: 9877.119 Thread 0x05343400  634             javax.swing.text.DefaultHighlighter::paintLayeredHighlights (104 bytes)
Event: 9877.121 Thread 0x05343400 nmethod 634 0x02e53888 code [0x02e539d0, 0x02e53da0]

GC Heap History (4 events):
Event: 1.896 GC heap before
{Heap before GC invocations=0 (full 0):
 def new generation   total 4928K, used 4416K [0x0f200000, 0x0f750000, 0x14750000)
  eden space 4416K, 100% used [0x0f200000, 0x0f650000, 0x0f650000)
  from space 512K,   0% used [0x0f650000, 0x0f650000, 0x0f6d0000)
  to   space 512K,   0% used [0x0f6d0000, 0x0f6d0000, 0x0f750000)
 tenured generation   total 10944K, used 0K [0x14750000, 0x15200000, 0x1f200000)
   the space 10944K,   0% used [0x14750000, 0x14750000, 0x14750200, 0x15200000)
 Metaspace       used 6848K, capacity 6951K, committed 7040K, reserved 7552K
Event: 1.907 GC heap after
Heap after GC invocations=1 (full 0):
 def new generation   total 4928K, used 512K [0x0f200000, 0x0f750000, 0x14750000)
  eden space 4416K,   0% used [0x0f200000, 0x0f200000, 0x0f650000)
  from space 512K, 100% used [0x0f6d0000, 0x0f750000, 0x0f750000)
  to   space 512K,   0% used [0x0f650000, 0x0f650000, 0x0f6d0000)
 tenured generation   total 10944K, used 1075K [0x14750000, 0x15200000, 0x1f200000)
   the space 10944K,   9% used [0x14750000, 0x1485ceb8, 0x1485d000, 0x15200000)
 Metaspace       used 6848K, capacity 6951K, committed 7040K, reserved 7552K
}
Event: 103.349 GC heap before
{Heap before GC invocations=1 (full 0):
 def new generation   total 4928K, used 4928K [0x0f200000, 0x0f750000, 0x14750000)
  eden space 4416K, 100% used [0x0f200000, 0x0f650000, 0x0f650000)
  from space 512K, 100% used [0x0f6d0000, 0x0f750000, 0x0f750000)
  to   space 512K,   0% used [0x0f650000, 0x0f650000, 0x0f6d0000)
 tenured generation   total 10944K, used 1075K [0x14750000, 0x15200000, 0x1f200000)
   the space 10944K,   9% used [0x14750000, 0x1485ceb8, 0x1485d000, 0x15200000)
 Metaspace       used 7626K, capacity 7727K, committed 7808K, reserved 8576K
Event: 103.355 GC heap after
Heap after GC invocations=2 (full 0):
 def new generation   total 4928K, used 376K [0x0f200000, 0x0f750000, 0x14750000)
  eden space 4416K,   0% used [0x0f200000, 0x0f200000, 0x0f650000)
  from space 512K,  73% used [0x0f650000, 0x0f6ae270, 0x0f6d0000)
  to   space 512K,   0% used [0x0f6d0000, 0x0f6d0000, 0x0f750000)
 tenured generation   total 10944K, used 1586K [0x14750000, 0x15200000, 0x1f200000)
   the space 10944K,  14% used [0x14750000, 0x148dcb10, 0x148dcc00, 0x15200000)
 Metaspace       used 7626K, capacity 7727K, committed 7808K, reserved 8576K
}

Deoptimization events (0 events):
No events

Internal exceptions (10 events):
Event: 0.537 Thread 0x029fc000 Exception <a 'java/lang/ClassNotFoundException': ToolTip> (0x0f52df20) thrown at [D:\re\workspace\8-2-build-windows-i586-cygwin\jdk8u5\2488\hotspot\src\share\vm\classfile\systemDictionary.cpp, line 202]
Event: 0.538 Thread 0x029fc000 Exception <a 'java/lang/ClassNotFoundException': Tree> (0x0f52e980) thrown at [D:\re\workspace\8-2-build-windows-i586-cygwin\jdk8u5\2488\hotspot\src\share\vm\classfile\systemDictionary.cpp, line 202]
Event: 0.538 Thread 0x029fc000 Exception <a 'java/lang/ClassNotFoundException': Tree> (0x0f52efd0) thrown at [D:\re\workspace\8-2-build-windows-i586-cygwin\jdk8u5\2488\hotspot\src\share\vm\classfile\systemDictionary.cpp, line 202]
Event: 0.538 Thread 0x029fc000 Exception <a 'java/lang/ClassNotFoundException': javax/swing/JTreeCell> (0x0f52f2b8) thrown at [D:\re\workspace\8-2-build-windows-i586-cygwin\jdk8u5\2488\hotspot\src\share\vm\classfile\systemDictionary.cpp, line 202]
Event: 0.538 Thread 0x029fc000 Exception <a 'java/lang/ClassNotFoundException': TreeCell> (0x0f52f6b0) thrown at [D:\re\workspace\8-2-build-windows-i586-cygwin\jdk8u5\2488\hotspot\src\share\vm\classfile\systemDictionary.cpp, line 202]
Event: 0.538 Thread 0x029fc000 Exception <a 'java/lang/ClassNotFoundException': RootPane> (0x0f52fe20) thrown at [D:\re\workspace\8-2-build-windows-i586-cygwin\jdk8u5\2488\hotspot\src\share\vm\classfile\systemDictionary.cpp, line 202]
Event: 0.702 Thread 0x029fc000 Exception <a 'java/security/PrivilegedActionException'> (0x0f5c84d8) thrown at [D:\re\workspace\8-2-build-windows-i586-cygwin\jdk8u5\2488\hotspot\src\share\vm\prims\jvm.cpp, line 1248]
Event: 0.702 Thread 0x029fc000 Exception <a 'java/security/PrivilegedActionException'> (0x0f5c8e30) thrown at [D:\re\workspace\8-2-build-windows-i586-cygwin\jdk8u5\2488\hotspot\src\share\vm\prims\jvm.cpp, line 1248]
Event: 0.702 Thread 0x029fc000 Exception <a 'java/security/PrivilegedActionException'> (0x0f5cab40) thrown at [D:\re\workspace\8-2-build-windows-i586-cygwin\jdk8u5\2488\hotspot\src\share\vm\prims\jvm.cpp, line 1248]
Event: 0.702 Thread 0x029fc000 Exception <a 'java/security/PrivilegedActionException'> (0x0f5cb498) thrown at [D:\re\workspace\8-2-build-windows-i586-cygwin\jdk8u5\2488\hotspot\src\share\vm\prims\jvm.cpp, line 1248]

Events (10 events):
Event: 2519.930 loading class java/util/WeakHashMap$KeyIterator
Event: 2519.971 loading class java/util/WeakHashMap$HashIterator
Event: 2519.971 loading class java/util/WeakHashMap$HashIterator done
Event: 2519.972 loading class java/util/WeakHashMap$KeyIterator done
Event: 2519.990 loading class javax/swing/RepaintManager$DisplayChangedRunnable
Event: 2520.016 loading class javax/swing/RepaintManager$DisplayChangedRunnable done
Event: 2520.023 loading class sun/awt/windows/WToolkit$4
Event: 2520.050 loading class sun/awt/windows/WToolkit$4 done
Event: 2588.956 loading class sun/java2d/pipe/hw/AccelDeviceEventNotifier
Event: 2588.956 loading class sun/java2d/pipe/hw/AccelDeviceEventNotifier done


Dynamic libraries:
0x00a00000 - 0x00a30000 	C:\Program Files (x86)\Java\jre8\bin\javaw.exe
0x77d40000 - 0x77ea8000 	C:\WINDOWS\SYSTEM32\ntdll.dll
0x758c0000 - 0x75a00000 	C:\WINDOWS\SYSTEM32\KERNEL32.DLL
0x76fa0000 - 0x7706f000 	C:\WINDOWS\SYSTEM32\KERNELBASE.dll
0x73220000 - 0x732b9000 	C:\WINDOWS\system32\apphelp.dll
0x67730000 - 0x67989000 	C:\WINDOWS\AppPatch\AcGenral.DLL
0x76c40000 - 0x76cfe000 	C:\WINDOWS\SYSTEM32\msvcrt.dll
0x77a50000 - 0x77a8e000 	C:\WINDOWS\SYSTEM32\sechost.dll
0x75760000 - 0x7577d000 	C:\WINDOWS\SYSTEM32\SspiCli.dll
0x75780000 - 0x757c1000 	C:\WINDOWS\SYSTEM32\SHLWAPI.dll
0x74c50000 - 0x74d2b000 	C:\WINDOWS\SYSTEM32\UxTheme.dll
0x77070000 - 0x771bf000 	C:\WINDOWS\SYSTEM32\USER32.dll
0x77660000 - 0x77767000 	C:\WINDOWS\SYSTEM32\GDI32.dll
0x75080000 - 0x750a0000 	C:\WINDOWS\SYSTEM32\WINMM.dll
0x73510000 - 0x73522000 	C:\WINDOWS\SYSTEM32\samcli.dll
0x76e90000 - 0x76f9c000 	C:\WINDOWS\SYSTEM32\ole32.dll
0x76e00000 - 0x76e87000 	C:\WINDOWS\SYSTEM32\OLEAUT32.dll
0x64150000 - 0x64165000 	C:\WINDOWS\SYSTEM32\MSACM32.dll
0x73e60000 - 0x73e68000 	C:\WINDOWS\SYSTEM32\VERSION.dll
0x75a10000 - 0x76bd0000 	C:\WINDOWS\SYSTEM32\SHELL32.dll
0x75410000 - 0x75429000 	C:\WINDOWS\SYSTEM32\USERENV.dll
0x74c30000 - 0x74c48000 	C:\WINDOWS\SYSTEM32\dwmapi.dll
0x73a90000 - 0x73bb1000 	C:\WINDOWS\SYSTEM32\urlmon.dll
0x77370000 - 0x773e8000 	C:\WINDOWS\SYSTEM32\ADVAPI32.dll
0x75020000 - 0x7507e000 	C:\WINDOWS\SYSTEM32\WINSPOOL.DRV
0x73e40000 - 0x73e54000 	C:\WINDOWS\SYSTEM32\MPR.dll
0x76d00000 - 0x76db1000 	C:\WINDOWS\SYSTEM32\RPCRT4.dll
0x75750000 - 0x75759000 	C:\WINDOWS\SYSTEM32\CRYPTBASE.dll
0x77900000 - 0x77a4e000 	C:\WINDOWS\SYSTEM32\combase.dll
0x74dd0000 - 0x74df0000 	C:\WINDOWS\SYSTEM32\WINMMBASE.dll
0x75010000 - 0x7501e000 	C:\WINDOWS\SYSTEM32\profapi.dll
0x74df0000 - 0x75009000 	C:\WINDOWS\SYSTEM32\iertutil.dll
0x750b0000 - 0x7526d000 	C:\WINDOWS\SYSTEM32\WININET.dll
0x756f0000 - 0x75743000 	C:\WINDOWS\SYSTEM32\bcryptPrimitives.dll
0x773f0000 - 0x7742a000 	C:\WINDOWS\SYSTEM32\cfgmgr32.dll
0x74db0000 - 0x74dcf000 	C:\WINDOWS\SYSTEM32\DEVOBJ.dll
0x74d30000 - 0x74da6000 	C:\WINDOWS\SYSTEM32\SHCORE.DLL
0x77630000 - 0x77655000 	C:\WINDOWS\system32\IMM32.DLL
0x77780000 - 0x77877000 	C:\WINDOWS\SYSTEM32\MSCTF.dll
0x75610000 - 0x7563c000 	C:\WINDOWS\SYSTEM32\nvinit.dll
0x0f000000 - 0x0f006000 	C:\Program Files (x86)\NVIDIA Corporation\CoProcManager\_etoured.dll
0x736a0000 - 0x736cc000 	C:\Program Files (x86)\NVIDIA Corporation\CoProcManager\nvd3d9wrap.dll
0x771c0000 - 0x7736d000 	C:\WINDOWS\SYSTEM32\SETUPAPI.dll
0x73680000 - 0x736a0000 	C:\Program Files (x86)\NVIDIA Corporation\CoProcManager\nvdxgiwrap.dll
0x73c50000 - 0x73e36000 	C:\WINDOWS\WinSxS\x86_microsoft.windows.common-controls_6595b64144ccf1df_6.0.9600.17031_none_a9efdb8b01377ea7\COMCTL32.dll
0x67be0000 - 0x67c9f000 	C:\Program Files (x86)\Java\jre8\bin\msvcr100.dll
0x67390000 - 0x67726000 	C:\Program Files (x86)\Java\jre8\bin\client\jvm.dll
0x73bc0000 - 0x73bc8000 	C:\WINDOWS\SYSTEM32\WSOCK32.dll
0x77770000 - 0x77776000 	C:\WINDOWS\SYSTEM32\PSAPI.DLL
0x76bd0000 - 0x76c1d000 	C:\WINDOWS\SYSTEM32\WS2_32.dll
0x75a00000 - 0x75a07000 	C:\WINDOWS\SYSTEM32\NSI.dll
0x68040000 - 0x6804c000 	C:\Program Files (x86)\Java\jre8\bin\verify.dll
0x67eb0000 - 0x67ed1000 	C:\Program Files (x86)\Java\jre8\bin\java.dll
0x67e90000 - 0x67ea3000 	C:\Program Files (x86)\Java\jre8\bin\zip.dll
0x67240000 - 0x67385000 	C:\Program Files (x86)\Java\jre8\bin\awt.dll
0x75600000 - 0x75609000 	C:\WINDOWS\SYSTEM32\kernel.appcore.dll
0x66800000 - 0x668d3000 	C:\WINDOWS\SYSTEM32\nvumdshim.dll
0x76dc0000 - 0x76df8000 	C:\WINDOWS\SYSTEM32\WINTRUST.dll
0x77430000 - 0x775af000 	C:\WINDOWS\SYSTEM32\CRYPT32.dll
0x775b0000 - 0x775be000 	C:\WINDOWS\SYSTEM32\MSASN1.dll
0x06330000 - 0x06443000 	C:\WINDOWS\system32\nvspcap.dll
0x5a9f0000 - 0x5acae000 	C:\WINDOWS\system32\nvapi.dll
0x67ba0000 - 0x67bd9000 	C:\Program Files (x86)\Java\jre8\bin\fontmanager.dll
0x77880000 - 0x778fd000 	C:\WINDOWS\SYSTEM32\clbcatq.dll
0x69420000 - 0x6956d000 	C:\WINDOWS\SYSTEM32\WindowsCodecs.dll
0x74060000 - 0x74078000 	C:\WINDOWS\SYSTEM32\CRYPTSP.dll
0x74030000 - 0x7405f000 	C:\WINDOWS\system32\rsaenh.dll
0x74010000 - 0x7402d000 	C:\WINDOWS\SYSTEM32\bcrypt.dll
0x67b80000 - 0x67b94000 	C:\Program Files (x86)\Java\jre8\bin\net.dll
0x74b20000 - 0x74b65000 	C:\WINDOWS\system32\mswsock.dll
0x67b70000 - 0x67b7f000 	C:\Program Files (x86)\Java\jre8\bin\nio.dll
0x67b40000 - 0x67b70000 	C:\Program Files (x86)\Java\jre8\bin\t2k.dll
0x67b10000 - 0x67b34000 	C:\Program Files (x86)\Java\jre8\bin\dcpr.dll
0x5cfc0000 - 0x5d178000 	C:\WINDOWS\system32\d3d9.dll
0x5bde0000 - 0x5cfb3000 	C:\WINDOWS\system32\igdumdim32.dll
0x5ba70000 - 0x5bddb000 	C:\WINDOWS\SYSTEM32\igdusc32.dll
0x5acb0000 - 0x5ba6e000 	C:\WINDOWS\system32\nvd3dum.dll
0x667c0000 - 0x667fe000 	C:\WINDOWS\system32\powrprof.dll
0x68080000 - 0x681c8000 	C:\WINDOWS\SYSTEM32\dbghelp.dll

VM Arguments:
java_command: C:\Users\Danny\Documents\NetBeansProjects\Notities\dist\Notities.jar
java_class_path (initial): C:\Users\Danny\Documents\NetBeansProjects\Notities\dist\Notities.jar
Launcher Type: SUN_STANDARD

Environment Variables:
PATH=C:\Program Files (x86)\NVIDIA Corporation\PhysX\Common;C:\Program Files (x86)\Intel\iCLS Client\;C:\Program Files\Intel\iCLS Client\;C:\WINDOWS\system32;C:\WINDOWS;C:\WINDOWS\System32\Wbem;C:\WINDOWS\System32\WindowsPowerShell\v1.0\;C:\Program Files (x86)\Windows Live\Shared;C:\Program Files\Intel\Intel(R) Management Engine Components\DAL;C:\Program Files\Intel\Intel(R) Management Engine Components\IPT;C:\Program Files (x86)\Intel\Intel(R) Management Engine Components\DAL;C:\Program Files (x86)\Intel\Intel(R) Management Engine Components\IPT;C:\Program Files\Intel\WiFi\bin\;C:\Program Files\Common Files\Intel\WirelessCommon\;C:\Program Files (x86)\Intel\OpenCL SDK\3.0\bin\x86;C:\Program Files (x86)\Intel\OpenCL SDK\3.0\bin\x64;C:\Program Files\Microsoft SQL Server\110\Tools\Binn\;C:\Program Files (x86)\Microsoft SDKs\TypeScript\1.0\;C:\Program Files\Microsoft SQL Server\120\Tools\Binn\;C:\Program Files\Intel\WiFi\bin\;C:\Program Files\Common Files\Intel\WirelessCommon\
USERNAME=Danny
OS=Windows_NT
PROCESSOR_IDENTIFIER=Intel64 Family 6 Model 58 Stepping 9, GenuineIntel



---------------  S Y S T E M  ---------------

OS: Windows 8.1 , 64 bit Build 9600 

CPU:total 8 (4 cores per cpu, 2 threads per core) family 6 model 58 stepping 9, cmov, cx8, fxsr, mmx, sse, sse2, sse3, ssse3, sse4.1, sse4.2, popcnt, avx, aes, clmul, erms, ht, tsc, tscinvbit

Memory: 4k page, physical 8277500k(2851340k free), swap 9588220k(2207728k free)

vm_info: Java HotSpot(TM) Client VM (25.5-b02) for windows-x86 JRE (1.8.0_05-b13), built on Mar 18 2014 01:14:47 by "java_re" with MS VC++ 10.0 (VS2010)

time: Fri Jun 27 16:41:24 2014
elapsed time: 9877 seconds

